<?xml version="1.0" encoding="UTF-8"?>
<!-- Generated by org.testng.reporters.JUnitReportReporter -->
<testsuite hostname="DESKTOP-BIEA88R" failures="0" tests="1" name="org.SDET.Practice_1.DeleteAccount" time="0.001" errors="0" timestamp="2022-08-17T12:51:40 IST" skipped="0">
  <testcase classname="org.SDET.Practice_1.DeleteAccount" name="delete" time="0.001"/>
  <system-out/>
</testsuite> <!-- org.SDET.Practice_1.DeleteAccount -->
