<?xml version="1.0" encoding="UTF-8"?>
<!-- Generated by org.testng.reporters.JUnitReportReporter -->
<testsuite hostname="DESKTOP-BIEA88R" failures="0" tests="1" name="com.edu.AdmissionFormTest.POM_VerifyPinTest" time="7.960" errors="0" timestamp="2022-08-23T16:14:11 IST" skipped="0">
  <testcase classname="com.edu.AdmissionFormTest.POM_VerifyPinTest" name="pOM_VerifyPin" time="7.960"/>
  <system-out/>
</testsuite> <!-- com.edu.AdmissionFormTest.POM_VerifyPinTest -->
