<?xml version="1.0" encoding="UTF-8"?>
<!-- Generated by org.testng.reporters.JUnitReportReporter -->
<testsuite hostname="DESKTOP-BIEA88R" failures="0" tests="7" name="org.SDET.PreacticeWIthTestNG.Booking" time="0.012" errors="0" timestamp="2022-08-22T17:18:53 IST" skipped="0">
  <testcase classname="org.SDET.PreacticeWIthTestNG.Booking" name="bookingTest" time="0.002"/>
  <system-out/>
  <testcase classname="org.SDET.PreacticeWIthTestNG.Booking" name="bookingTest" time="0.003"/>
  <system-out/>
  <testcase classname="org.SDET.PreacticeWIthTestNG.Booking" name="bookingTest" time="0.001"/>
  <system-out/>
  <testcase classname="org.SDET.PreacticeWIthTestNG.Booking" name="bookingTest" time="0.001"/>
  <system-out/>
  <testcase classname="org.SDET.PreacticeWIthTestNG.Booking" name="bookingTest" time="0.001"/>
  <system-out/>
  <testcase classname="org.SDET.PreacticeWIthTestNG.Booking" name="bookingTest" time="0.002"/>
  <system-out/>
  <testcase classname="org.SDET.PreacticeWIthTestNG.Booking" name="bookingTest" time="0.002"/>
  <system-out/>
</testsuite> <!-- org.SDET.PreacticeWIthTestNG.Booking -->
