<?xml version="1.0" encoding="UTF-8"?>
<!-- Generated by org.testng.reporters.JUnitReportReporter -->
<testsuite hostname="DESKTOP-BIEA88R" failures="0" tests="1" name="com.edu.AdmissionFormTest.POM_VerifyFatherOccupationTest" time="10.071" errors="0" timestamp="2022-08-23T16:11:59 IST" skipped="0">
  <testcase classname="com.edu.AdmissionFormTest.POM_VerifyFatherOccupationTest" name="verifyFatherOcup" time="10.071"/>
  <system-out/>
</testsuite> <!-- com.edu.AdmissionFormTest.POM_VerifyFatherOccupationTest -->
