<?xml version="1.0" encoding="UTF-8"?>
<!-- Generated by org.testng.reporters.JUnitReportReporter -->
<testsuite hostname="DESKTOP-BIEA88R" failures="0" tests="1" name="org.SDET.Practice_3.DeleteProduct" time="0.009" errors="0" timestamp="2022-08-17T12:51:40 IST" skipped="0">
  <testcase classname="org.SDET.Practice_3.DeleteProduct" name="delProduct" time="0.009"/>
  <system-out/>
</testsuite> <!-- org.SDET.Practice_3.DeleteProduct -->
