<?xml version="1.0" encoding="UTF-8"?>
<!-- Generated by org.testng.reporters.JUnitReportReporter -->
<testsuite hostname="DESKTOP-BIEA88R" failures="0" tests="1" name="org.SDET.Practice_3.CreateProduct" time="0.012" errors="0" timestamp="2022-08-17T12:51:40 IST" skipped="0">
  <testcase classname="org.SDET.Practice_3.CreateProduct" name="crtProduct" time="0.012"/>
  <system-out/>
</testsuite> <!-- org.SDET.Practice_3.CreateProduct -->
