<?xml version="1.0" encoding="UTF-8"?>
<!-- Generated by org.testng.reporters.JUnitReportReporter -->
<testsuite hostname="DESKTOP-BIEA88R" failures="0" tests="1" name="com.edu.AdmissionFormTest.POM_VerifyPin" time="10.675" errors="0" timestamp="2022-08-22T17:30:34 IST" skipped="0">
  <testcase classname="com.edu.AdmissionFormTest.POM_VerifyPin" name="pOM_VerifyPin" time="10.675"/>
  <system-out/>
</testsuite> <!-- com.edu.AdmissionFormTest.POM_VerifyPin -->
