<?xml version="1.0" encoding="UTF-8"?>
<!-- Generated by org.testng.reporters.JUnitReportReporter -->
<testsuite hostname="DESKTOP-BIEA88R" failures="0" tests="12" name="org.SDET.PreacticeWIthTestNG.CreateOrgTest" time="0.055" errors="0" timestamp="2022-08-22T16:43:38 IST" skipped="0">
  <testcase classname="org.SDET.PreacticeWIthTestNG.CreateOrgTest" name="configureAM" time="0.003"/>
  <system-out/>
  <testcase classname="org.SDET.PreacticeWIthTestNG.CreateOrgTest" name="closeWindow" time="0.011"/>
  <system-out/>
  <testcase classname="org.SDET.PreacticeWIthTestNG.CreateOrgTest" name="configBC" time="0.002"/>
  <system-out/>
  <testcase classname="org.SDET.PreacticeWIthTestNG.CreateOrgTest" name="createOrgwithValidDocument" time="0.004"/>
  <system-out/>
  <testcase classname="org.SDET.PreacticeWIthTestNG.CreateOrgTest" name="closeWindow" time="0.007"/>
  <system-out/>
  <testcase classname="org.SDET.PreacticeWIthTestNG.CreateOrgTest" name="close" time="0.002"/>
  <system-out/>
  <testcase classname="org.SDET.PreacticeWIthTestNG.CreateOrgTest" name="configureAM" time="0.002"/>
  <system-out/>
  <testcase classname="org.SDET.PreacticeWIthTestNG.CreateOrgTest" name="createOrgTest" time="0.004"/>
  <system-out/>
  <testcase classname="org.SDET.PreacticeWIthTestNG.CreateOrgTest" name="configBC" time="0.004"/>
  <system-out/>
  <testcase classname="org.SDET.PreacticeWIthTestNG.CreateOrgTest" name="close" time="0.007"/>
  <system-out/>
  <testcase classname="org.SDET.PreacticeWIthTestNG.CreateOrgTest" name="createOrgTest" time="0.003"/>
  <system-out/>
  <testcase classname="org.SDET.PreacticeWIthTestNG.CreateOrgTest" name="createOrgwithValidDocument" time="0.006"/>
  <system-out/>
</testsuite> <!-- org.SDET.PreacticeWIthTestNG.CreateOrgTest -->
