<?xml version="1.0" encoding="UTF-8"?>
<!-- Generated by org.testng.reporters.JUnitReportReporter -->
<testsuite hostname="DESKTOP-BIEA88R" failures="0" tests="1" name="com.edu.AdmissionFormTest.VerifyFatherNameWith_POM_Test" time="7.533" errors="0" timestamp="2022-08-23T16:16:15 IST" skipped="0">
  <testcase classname="com.edu.AdmissionFormTest.VerifyFatherNameWith_POM_Test" name="testFatherName" time="7.533"/>
  <system-out/>
</testsuite> <!-- com.edu.AdmissionFormTest.VerifyFatherNameWith_POM_Test -->
