<?xml version="1.0" encoding="UTF-8"?>
<!-- Generated by org.testng.reporters.JUnitReportReporter -->
<testsuite hostname="DESKTOP-BIEA88R" failures="0" tests="1" name="com.edu.AdmissionFormTest.CreateAppTest_POMTest" time="29.290" errors="0" timestamp="2022-08-23T16:11:25 IST" skipped="0">
  <testcase classname="com.edu.AdmissionFormTest.CreateAppTest_POMTest" name="TestApp" time="29.290"/>
  <system-out/>
</testsuite> <!-- com.edu.AdmissionFormTest.CreateAppTest_POMTest -->
