<?xml version="1.0" encoding="UTF-8"?>
<!-- Generated by org.testng.reporters.JUnitReportReporter -->
<testsuite hostname="DESKTOP-BIEA88R" failures="0" tests="1" name="com.edu.AdmissionFormTest.CreateAppTest_POM" time="35.151" errors="0" timestamp="2022-08-22T17:43:24 IST" skipped="0">
  <testcase classname="com.edu.AdmissionFormTest.CreateAppTest_POM" name="TestApp" time="35.151"/>
  <system-out/>
</testsuite> <!-- com.edu.AdmissionFormTest.CreateAppTest_POM -->
