<?xml version="1.0" encoding="UTF-8"?>
<!-- Generated by org.testng.reporters.JUnitReportReporter -->
<testsuite hostname="DESKTOP-BIEA88R" failures="0" tests="1" name="org.SDET.PreacticeWIthTestNG.CustomerPriority" time="0.016" errors="0" timestamp="2022-08-22T17:18:53 IST" skipped="0">
  <testcase classname="org.SDET.PreacticeWIthTestNG.CustomerPriority" name="createCustomerTest" time="0.016"/>
  <system-out/>
</testsuite> <!-- org.SDET.PreacticeWIthTestNG.CustomerPriority -->
