<?xml version="1.0" encoding="UTF-8"?>
<!-- Generated by org.testng.reporters.JUnitReportReporter -->
<testsuite hostname="DESKTOP-BIEA88R" failures="0" tests="1" name="com.edu.AdmissionFormTest.POM_VerifyFatherOccupation" time="10.643" errors="0" timestamp="2022-08-22T17:30:34 IST" skipped="0">
  <testcase classname="com.edu.AdmissionFormTest.POM_VerifyFatherOccupation" name="verifyFatherOcup" time="10.643"/>
  <system-out/>
</testsuite> <!-- com.edu.AdmissionFormTest.POM_VerifyFatherOccupation -->
