<?xml version="1.0" encoding="UTF-8"?>
<!-- Generated by org.testng.reporters.JUnitReportReporter -->
<testsuite hostname="DESKTOP-BIEA88R" failures="0" tests="1" name="com.edu.AdmissionFormTest.VerifyFatherNameWith_POM" time="6.302" errors="0" timestamp="2022-08-22T16:50:32 IST" skipped="0">
  <testcase classname="com.edu.AdmissionFormTest.VerifyFatherNameWith_POM" name="testFatherName" time="6.302"/>
  <system-out/>
</testsuite> <!-- com.edu.AdmissionFormTest.VerifyFatherNameWith_POM -->
