<?xml version="1.0" encoding="UTF-8"?>
<!-- Generated by org.testng.reporters.JUnitReportReporter -->
<testsuite hostname="DESKTOP-BIEA88R" failures="0" tests="1" name="org.SDET.PreacticeWIthTestNG.SampleTest" time="48.188" errors="0" timestamp="2022-08-18T16:34:54 IST" skipped="0">
  <testcase classname="org.SDET.PreacticeWIthTestNG.SampleTest" name="VerifyAdmissionPage" time="48.188"/>
  <system-out/>
</testsuite> <!-- org.SDET.PreacticeWIthTestNG.SampleTest -->
