<?xml version="1.0" encoding="UTF-8"?>
<!-- Generated by org.testng.reporters.JUnitReportReporter -->
<testsuite hostname="DESKTOP-BIEA88R" failures="0" tests="4" name="org.SDET.PreacticeWIthTestNG.CustomerDependency" time="0.087" errors="0" timestamp="2022-08-22T16:43:38 IST" skipped="0">
  <testcase classname="org.SDET.PreacticeWIthTestNG.CustomerDependency" name="deleteCustomerTest" time="0.049"/>
  <system-out/>
  <testcase classname="org.SDET.PreacticeWIthTestNG.CustomerDependency" name="modifyCustomerTest" time="0.018"/>
  <system-out/>
  <testcase classname="org.SDET.PreacticeWIthTestNG.CustomerDependency" name="modifyCustomerTest" time="0.005"/>
  <system-out/>
  <testcase classname="org.SDET.PreacticeWIthTestNG.CustomerDependency" name="deleteCustomerTest" time="0.015"/>
  <system-out/>
</testsuite> <!-- org.SDET.PreacticeWIthTestNG.CustomerDependency -->
