<?xml version="1.0" encoding="UTF-8"?>
<!-- Generated by org.testng.reporters.JUnitReportReporter -->
<testsuite hostname="DESKTOP-BIEA88R" failures="0" tests="1" name="com.edu.AdmissionFormTest.POM_VerifyPinTest" time="31.354" errors="0" timestamp="2022-08-25T11:11:49 IST" skipped="0">
  <testcase classname="com.edu.AdmissionFormTest.POM_VerifyPinTest" name="pOM_VerifyPin" time="31.354"/>
  <system-out/>
</testsuite> <!-- com.edu.AdmissionFormTest.POM_VerifyPinTest -->
